#
# A fatal error has been detected by the Java Runtime Environment:
#
#  SIGSEGV (0xb) at pc=0x00007f22a94610c3, pid=3291, tid=0x00007f22989da700
#
# JRE version: OpenJDK Runtime Environment (8.0_242) (build 1.8.0_242-release-1644-b3-6222593)
# Java VM: OpenJDK 64-Bit Server VM (25.242-b3-6222593 mixed mode linux-amd64 compressed oops)
# Problematic frame:
# J 1268 C2 java.util.zip.ZipFile$ZipFileInputStream.close()V (110 bytes) @ 0x00007f22a94610c3 [0x00007f22a9460d00+0x3c3]
#
# Failed to write core dump. Core dumps have been disabled. To enable core dumping, try "ulimit -c unlimited" before starting Java again
#
# If you would like to submit a bug report, please visit:
#   http://bugreport.java.com/bugreport/crash.jsp
#

---------------  T H R E A D  ---------------

Curr nt thread (0x00007f2254009000):  JavaThread "Daemon worker" [_tread_in_Java, id=3315, stack(0x00007f22988da000,0x00007f22989db00)]

siginfo: si_signo: 11 (SIGSEGV), si_code: 128 (SI_KERNEL)¡ si_addr: 0x0000000000000000

Registers:
RAX=0x0061006c0063002e, RBX=0x0061006c0063002e, RCX=0x00000000d6a8d110, RDX=0x0000000000000000
RSP=0x00007f22989d08d0, RBP=0x00000000d6a81410, RSI=0x00000000dd43e2e0, RDI=0x00007f2254009000
R8 =0x00000000d6a81410, R9 =0x0000000000000000, R10=0x0000000000000006, R11=0x0000000000000005
R12=0x0000000000000000, R13=0x00000000dd43e340, R14=0x00007f22989d0900, R15=0x00007f2254009000
RIP=0x00007f22a94610c3, EFLAGS=0x0000000000010202, CSGSFS=0x002b000000000033, ERR=0x0000000000000000
  TRAPNO=0x000000000000000d

Top of Stack: (sp=0x00007f22989d08d0)
0x00007f22989d08d0:   00000000dd43e2e0 00000000d79bdcf8
0x00007f22989d08e0:   00000000d6a81410 00000000dd43e5c8
0x00007f22989d08f0:   00000000d68b2020 00000000dd43dfa8
0x00007f22989d0900:   0000000000000003 00007f22a954539e
0x00007f22989d0910:   00000000dd43e340 00007f22a94c9fa8
0x00007f22989d0920:   0000000100040728 0000040000000000
0x00007f22989d0930:   0000000000000007 00000000dd43f9a8
0x00007f22989d0940:   00000000000006f6 00000000d6a8d110
0x00007f22989d0950:   00000000d6a8d110 00000000000006f6
0x00007f22989d0960:   00000000dd43e340 0000000000000000
0x00007f22989d0970:   00007f22989d0cb0 00007f22a92fec6c
0x00007f22989d0980:   00007f22989d09d0 00007fffabd79c30
0x00007f22989d0990:   0000000000000000 00007f22a9b8eb0c
0x00007f22989d09a0:   00000000dd43f9a8 0000000000000000
0x00007f22989d09b0:   00007f22989d09f0 0000000000000000
0x00007f22989d09c0:   00000000dd43df88 00000000dd43dcf8
0x00007f22989d09d0:   00000000d6a8d110 00000000d79baf10
0x00007f22989d09e0:   0000000000001395 00000000dd43e340
0x00007f22989d09f0:   00000001dd43e340 0000000100040b90
0x00007f22989d0a00:   00000000dd43df88 00000000dd43e340
0x00007f22989d0a10:   0000000000000005 00007f22a9252f19
0x00007f22989d0a20:   00007f22989d0cb0 00007f22a9253a74
0x00007f22989d0a30:   0000004b0000000 00000000dd43d398
0x00007f22989d0a40:   00000000d6a8d780 000¢000000000000
0x00007f22989d0a50:   0000000100000000 0000000080105c8
0x00007f22989d0a60:   00000000801e05c8 00007f22989d0b80
0x•0007f22989d0a70:   00000000dd43d3f8 00007f22a9540648
0x00007f22989d0a80:   00000000dd43d8d0 00007f22a93c394d
0x00007f22989d0a90:   00007f2200000096 00007f2200000000
0x00007f22989d0aa0:   000000a6dd43d2a0 0000004b00000000
0x00007f22989d0ab0:   00007f2254009000 00007f225056df40
0x00007f22989d0ac0:   00007f22000000e1 00007f22be29ae2a 

Instructions: (pc=0x00007f22a94610c3)
0x00007f22a94610a3:   2b 00 00 00 48 2b c4 48 81 e0 07 f0 ff ff 48 89
0x00007f22a94610b3:   03 e9 19 00 00 00 48 c7 03 03 00 00 00 48 8b d8
0x00007f22a94610c3:   48 8b 43 16 48 85 c0 75 06 f0 4c 0f b1 7b 16 0f
0x00007f22a94610d3:   84 c8 fc ff ff 48 8b f5 48 8d 54 24 30 66 66 90 

Register to memory mapping:

RAX=0x0061006c0063002e is an unknown value
RBX=0x0061006c0063002e is an unknown value
RCX=0x00000000d6a8d110 is an oop
java.util.jar.JarFile 
 - klass: 'java/util/jar/JarFile'
RDX=0x0000000000000000 is an unknown value
RSP=0x00007f22989d08d0 is pointing into the stack for thread: 0x00007f2254009000
RBP=0x00000000d6a81410 is an oop
